Using pre-set license
Built from '2020.3/release' branch; Version is '2020.3.12f1 (b3b2c6512326) revision 11776710'; Using compiler version '192528614'; Build Type 'Release'
OS: 'Windows 10 Pro; OS build 19044.1706; Version 2009; 64bit' Language: 'es' Physical Memory: 32694 MB
BatchMode: 1, IsHumanControllingUs: 0, StartBugReporterOnCrash: 0, Is64bit: 1, IsPro: 0

 COMMAND LINE ARGUMENTS:
C:\Program Files\Unity\Editor\Unity.exe
-adb2
-batchMode
-noUpm
-name
AssetImportWorker0
-projectPath
D:/ReposIA/ProyectoDeIvestigacion-IA
-logFile
Logs/AssetImportWorker0.log
-srvPort
49605
Successfully changed project path to: D:/ReposIA/ProyectoDeIvestigacion-IA
D:/ReposIA/ProyectoDeIvestigacion-IA
Using Asset Import Pipeline V2.
Refreshing native plugins compatible for Editor in 31.58 ms, found 3 plugins.
Preloading 0 native plugins for Editor in 0.00 ms.
Initialize engine version: 2020.3.12f1 (b3b2c6512326)
[Subsystems] Discovering subsystems at path C:/Program Files/Unity/Editor/Data/Resources/UnitySubsystems
[Subsystems] Discovering subsystems at path D:/ReposIA/ProyectoDeIvestigacion-IA/Assets
GfxDevice: creating device client; threaded=0
Direct3D:
    Version:  Direct3D 11.0 [level 11.1]
    Renderer: AMD Radeon RX 5700 XT (ID=0x731f)
    Vendor:   
    VRAM:     8151 MB
    Driver:   30.0.13023.4001
Initialize mono
Mono path[0] = 'C:/Program Files/Unity/Editor/Data/Managed'
Mono path[1] = 'C:/Program Files/Unity/Editor/Data/MonoBleedingEdge/lib/mono/unityjit'
Mono config path = 'C:/Program Files/Unity/Editor/Data/MonoBleedingEdge/etc'
Using monoOptions --debugger-agent=transport=dt_socket,embedding=1,server=y,suspend=n,address=127.0.0.1:56768
Begin MonoManager ReloadAssembly
Registering precompiled unity dll's ...
Register platform support module: C:/Program Files/Unity/Editor/Data/PlaybackEngines/WindowsStandaloneSupport/UnityEditor.WindowsStandalone.Extensions.dll
Registered in 0.001758 seconds.
Native extension for WindowsStandalone target not found
Refreshing native plugins compatible for Editor in 29.48 ms, found 3 plugins.
Preloading 0 native plugins for Editor in 0.00 ms.
Mono: successfully reloaded assembly
- Completed reload, in  0.804 seconds
Platform modules already initialized, skipping
Registering precompiled user dll's ...
Registered in 0.002983 seconds.
Begin MonoManager ReloadAssembly
Native extension for WindowsStandalone target not found
Refreshing native plugins compatible for Editor in 0.39 ms, found 3 plugins.
Preloading 0 native plugins for Editor in 0.00 ms.
Mono: successfully reloaded assembly
- Completed reload, in  0.803 seconds
Platform modules already initialized, skipping
========================================================================
Worker process is ready to serve import requests
Launched and connected shader compiler UnityShaderCompiler.exe after 0.03 seconds
Refreshing native plugins compatible for Editor in 0.39 ms, found 3 plugins.
Preloading 0 native plugins for Editor in 0.00 ms.
Unloading 1788 Unused Serialized files (Serialized files now loaded: 0)
System memory in use before: 82.6 MB.
System memory in use after: 82.7 MB.

Unloading 22 unused Assets to reduce memory usage. Loaded Objects now: 2219.
Total: 1.679200 ms (FindLiveObjects: 0.147600 ms CreateObjectMapping: 0.037800 ms MarkObjects: 1.431000 ms  DeleteObjects: 0.061500 ms)

AssetImportParameters requested are different than current active one (requested -> active):
  custom:framework-win-MediaFoundation: 216162199b28c13a410421893ffa2e32 -> 
  custom:video-decoder-ogg-theora: a1e56fd34408186e4bbccfd4996cb3dc -> 
  custom:container-muxer-webm: aa71ff27fc2769a1b78a27578f13a17b -> 
  custom:container-demuxer-webm: 4f35f7cbe854078d1ac9338744f61a02 -> 
  custom:container-demuxer-ogg: 62fdf1f143b41e24485cea50d1cbac27 -> 
  custom:video-encoder-webm-vp8: eb34c28f22e8b96e1ab97ce403110664 -> 
  custom:video-decoder-webm-vp8: 9c59270c3fd7afecdb556c50c9e8de78 -> 
  custom:audio-decoder-ogg-vorbis: bf7c407c2cedff20999df2af8eb42d56 -> 
  custom:audio-encoder-webm-vorbis: bf7c407c2cedff20999df2af8eb42d56 -> 
========================================================================
Received Import Request.
  path: Assets/Animations
  artifactKey: Guid(26552bc9bca1cb441aff43749198fd1a) Importer(815301076,1909f56bfc062723c751e8b465ee728b)
Start importing Assets/Animations using Guid(26552bc9bca1cb441aff43749198fd1a) Importer(815301076,1909f56bfc062723c751e8b465ee728b)  -> (artifact id: 'f8728aa3ee345db314489984234f871c') in 0.007084 seconds 
  Import took 0.009255 seconds .

========================================================================
Received Import Request.
  Time since last request: 1.350898 seconds.
  path: Assets/Animations/Standing.anim
  artifactKey: Guid(d85664db4b473f64fb198bcc5a3c7099) Importer(815301076,1909f56bfc062723c751e8b465ee728b)
Start importing Assets/Animations/Standing.anim using Guid(d85664db4b473f64fb198bcc5a3c7099) Importer(815301076,1909f56bfc062723c751e8b465ee728b)  -> (artifact id: '3b4759c3e93bb913889566b7a103eea2') in 0.030814 seconds 
  Import took 0.033330 seconds .

========================================================================
Received Import Request.
  Time since last request: 5.357645 seconds.
  path: Assets/Animations/Default/a_Running.anim
  artifactKey: Guid(2e5cbd52f3af8384fafcc9a73ad2f1e0) Importer(815301076,1909f56bfc062723c751e8b465ee728b)
Start importing Assets/Animations/Default/a_Running.anim using Guid(2e5cbd52f3af8384fafcc9a73ad2f1e0) Importer(815301076,1909f56bfc062723c751e8b465ee728b)  -> (artifact id: 'f417871a2d8b858f60d1801e8fd5a0b2') in 0.011656 seconds 
  Import took 0.014254 seconds .

========================================================================
Received Import Request.
  Time since last request: 0.405484 seconds.
  path: Assets/Animations/Default/a_Walking.anim
  artifactKey: Guid(6fd7082454b5e8f4eaef795e9a384dfa) Importer(815301076,1909f56bfc062723c751e8b465ee728b)
Start importing Assets/Animations/Default/a_Walking.anim using Guid(6fd7082454b5e8f4eaef795e9a384dfa) Importer(815301076,1909f56bfc062723c751e8b465ee728b)  -> (artifact id: '6fe8df25754165a5bb9a4d4df89e2ebd') in 0.009734 seconds 
  Import took 0.012221 seconds .

========================================================================
Received Import Request.
  Time since last request: 1855.270943 seconds.
  path: Assets/Animations/Default/Crescent Kick.anim
  artifactKey: Guid(12ba28bc27ff96f48bc5afb10f22ce35) Importer(815301076,1909f56bfc062723c751e8b465ee728b)
Start importing Assets/Animations/Default/Crescent Kick.anim using Guid(12ba28bc27ff96f48bc5afb10f22ce35) Importer(815301076,1909f56bfc062723c751e8b465ee728b)  -> (artifact id: '9047507482d937457ab1e1cb89833434') in 0.044204 seconds 
  Import took 0.047803 seconds .

========================================================================
Received Import Request.
  Time since last request: 10.181062 seconds.
  path: Assets/Animations/AnimatorController_Jamo.controller
  artifactKey: Guid(535d24752e3d6444da644e79e90ec2ca) Importer(815301076,1909f56bfc062723c751e8b465ee728b)
Start importing Assets/Animations/AnimatorController_Jamo.controller using Guid(535d24752e3d6444da644e79e90ec2ca) Importer(815301076,1909f56bfc062723c751e8b465ee728b)  -> (artifact id: '3ee1e1b7c10e00e95956d44f305a5b95') in 0.197602 seconds 
  Import took 0.213551 seconds .

========================================================================
Received Prepare
Registering precompiled user dll's ...
Registered in 0.002948 seconds.
Begin MonoManager ReloadAssembly
Native extension for WindowsStandalone target not found
Refreshing native plugins compatible for Editor in 0.40 ms, found 3 plugins.
Preloading 0 native plugins for Editor in 0.00 ms.
Mono: successfully reloaded assembly
- Completed reload, in  0.746 seconds
Platform modules already initialized, skipping
Refreshing native plugins compatible for Editor in 0.40 ms, found 3 plugins.
Preloading 0 native plugins for Editor in 0.00 ms.
Unloading 1748 Unused Serialized files (Serialized files now loaded: 0)
System memory in use before: 79.2 MB.
System memory in use after: 79.3 MB.

Unloading 17 unused Assets to reduce memory usage. Loaded Objects now: 2222.
Total: 1.602300 ms (FindLiveObjects: 0.152400 ms CreateObjectMapping: 0.044800 ms MarkObjects: 1.392000 ms  DeleteObjects: 0.012300 ms)

AssetImportParameters requested are different than current active one (requested -> active):
  custom:framework-win-MediaFoundation: 216162199b28c13a410421893ffa2e32 -> 
  custom:video-decoder-ogg-theora: a1e56fd34408186e4bbccfd4996cb3dc -> 
  custom:container-muxer-webm: aa71ff27fc2769a1b78a27578f13a17b -> 
  custom:container-demuxer-webm: 4f35f7cbe854078d1ac9338744f61a02 -> 
  custom:container-demuxer-ogg: 62fdf1f143b41e24485cea50d1cbac27 -> 
  custom:video-encoder-webm-vp8: eb34c28f22e8b96e1ab97ce403110664 -> 
  custom:video-decoder-webm-vp8: 9c59270c3fd7afecdb556c50c9e8de78 -> 
  custom:audio-decoder-ogg-vorbis: bf7c407c2cedff20999df2af8eb42d56 -> 
  custom:audio-encoder-webm-vorbis: bf7c407c2cedff20999df2af8eb42d56 -> 
========================================================================
Received Import Request.
  Time since last request: 241.670505 seconds.
  path: Assets/Materiales/m_jammo_metal.mat
  artifactKey: Guid(60c2f0e0aaa8f8d4e9d23d7e3768653b) Importer(815301076,1909f56bfc062723c751e8b465ee728b)
Start importing Assets/Materiales/m_jammo_metal.mat using Guid(60c2f0e0aaa8f8d4e9d23d7e3768653b) Importer(815301076,1909f56bfc062723c751e8b465ee728b)  -> (artifact id: 'cfec2ee3f4dfb2636698106a744e6fd9') in 0.094536 seconds 
  Import took 0.097634 seconds .

========================================================================
Received Import Request.
  Time since last request: 0.001026 seconds.
  path: Assets/Materiales/m_jammo_metal.mat
  artifactKey: Guid(60c2f0e0aaa8f8d4e9d23d7e3768653b) Importer(815301076,1909f56bfc062723c751e8b465ee728b)
Start importing Assets/Materiales/m_jammo_metal.mat using Guid(60c2f0e0aaa8f8d4e9d23d7e3768653b) Importer(815301076,1909f56bfc062723c751e8b465ee728b)  -> (artifact id: 'cfec2ee3f4dfb2636698106a744e6fd9') in 0.023692 seconds 
  Import took 0.026539 seconds .

========================================================================
Received Import Request.
  Time since last request: 383.246862 seconds.
  path: Assets/Inside Crescent Kick.fbx
  artifactKey: Guid(731fd8010768cff44be7e587653f19cb) Importer(815301076,1909f56bfc062723c751e8b465ee728b)
Start importing Assets/Inside Crescent Kick.fbx using Guid(731fd8010768cff44be7e587653f19cb) Importer(815301076,1909f56bfc062723c751e8b465ee728b)  -> (artifact id: '85953ffb3dd962079544a1ec51ce3a0a') in 0.019873 seconds 
  Import took 0.022834 seconds .

========================================================================
Received Import Request.
  Time since last request: 81.934984 seconds.
  path: Assets/Inside Crescent Kick.fbx
  artifactKey: Guid(731fd8010768cff44be7e587653f19cb) Importer(815301076,1909f56bfc062723c751e8b465ee728b)
Start importing Assets/Inside Crescent Kick.fbx using Guid(731fd8010768cff44be7e587653f19cb) Importer(815301076,1909f56bfc062723c751e8b465ee728b)  -> (artifact id: 'de1c64808418a557a2893f3eee41fecb') in 0.005106 seconds 
  Import took 0.007879 seconds .

========================================================================
Received Import Request.
  Time since last request: 0.002887 seconds.
  path: Assets/Inside Crescent Kick.fbx
  artifactKey: Guid(731fd8010768cff44be7e587653f19cb) Importer(815301076,1909f56bfc062723c751e8b465ee728b)
Start importing Assets/Inside Crescent Kick.fbx using Guid(731fd8010768cff44be7e587653f19cb) Importer(815301076,1909f56bfc062723c751e8b465ee728b)  -> (artifact id: 'de1c64808418a557a2893f3eee41fecb') in 0.004769 seconds 
  Import took 0.007334 seconds .

========================================================================
Received Import Request.
  Time since last request: 39.488559 seconds.
  path: Assets/Inside Crescent Kick.fbx
  artifactKey: Guid(731fd8010768cff44be7e587653f19cb) Importer(815301076,1909f56bfc062723c751e8b465ee728b)
Start importing Assets/Inside Crescent Kick.fbx using Guid(731fd8010768cff44be7e587653f19cb) Importer(815301076,1909f56bfc062723c751e8b465ee728b)  -> (artifact id: 'cdf6c68fb9fe854b1c6ffb1f7d29770c') in 0.004878 seconds 
  Import took 0.007687 seconds .

========================================================================
Received Import Request.
  Time since last request: 0.003074 seconds.
  path: Assets/Inside Crescent Kick.fbx
  artifactKey: Guid(731fd8010768cff44be7e587653f19cb) Importer(815301076,1909f56bfc062723c751e8b465ee728b)
Start importing Assets/Inside Crescent Kick.fbx using Guid(731fd8010768cff44be7e587653f19cb) Importer(815301076,1909f56bfc062723c751e8b465ee728b)  -> (artifact id: 'cdf6c68fb9fe854b1c6ffb1f7d29770c') in 0.005827 seconds 
  Import took 0.008498 seconds .

========================================================================
Received Import Request.
  Time since last request: 15.400694 seconds.
  path: Assets/Inside Crescent Kick.fbx
  artifactKey: Guid(731fd8010768cff44be7e587653f19cb) Importer(815301076,1909f56bfc062723c751e8b465ee728b)
Start importing Assets/Inside Crescent Kick.fbx using Guid(731fd8010768cff44be7e587653f19cb) Importer(815301076,1909f56bfc062723c751e8b465ee728b)  -> (artifact id: 'c2ee0cd8d35ed8abfe0155d87f21d714') in 0.007956 seconds 
  Import took 0.026183 seconds .

========================================================================
Received Import Request.
  Time since last request: 73.782668 seconds.
  path: Assets/Inside Crescent Kick.fbx
  artifactKey: Guid(731fd8010768cff44be7e587653f19cb) Importer(815301076,1909f56bfc062723c751e8b465ee728b)
Start importing Assets/Inside Crescent Kick.fbx using Guid(731fd8010768cff44be7e587653f19cb) Importer(815301076,1909f56bfc062723c751e8b465ee728b)  -> (artifact id: '5e1be1953e3795203cf4f6f352b99181') in 0.003976 seconds 
  Import took 0.006588 seconds .

========================================================================
Received Import Request.
  Time since last request: 0.005070 seconds.
  path: Assets/Inside Crescent Kick.fbx
  artifactKey: Guid(731fd8010768cff44be7e587653f19cb) Importer(815301076,1909f56bfc062723c751e8b465ee728b)
Start importing Assets/Inside Crescent Kick.fbx using Guid(731fd8010768cff44be7e587653f19cb) Importer(815301076,1909f56bfc062723c751e8b465ee728b)  -> (artifact id: '5e1be1953e3795203cf4f6f352b99181') in 0.004025 seconds 
  Import took 0.006595 seconds .

========================================================================
Received Import Request.
  Time since last request: 7.225501 seconds.
  path: Assets/Inside Crescent Kick.fbx
  artifactKey: Guid(731fd8010768cff44be7e587653f19cb) Importer(815301076,1909f56bfc062723c751e8b465ee728b)
Start importing Assets/Inside Crescent Kick.fbx using Guid(731fd8010768cff44be7e587653f19cb) Importer(815301076,1909f56bfc062723c751e8b465ee728b)  -> (artifact id: '177b05ada7bb766ef92ddb4bdcac7117') in 0.006599 seconds 
  Import took 0.009360 seconds .

========================================================================
Received Import Request.
  Time since last request: 0.002685 seconds.
  path: Assets/Inside Crescent Kick.fbx
  artifactKey: Guid(731fd8010768cff44be7e587653f19cb) Importer(815301076,1909f56bfc062723c751e8b465ee728b)
Start importing Assets/Inside Crescent Kick.fbx using Guid(731fd8010768cff44be7e587653f19cb) Importer(815301076,1909f56bfc062723c751e8b465ee728b)  -> (artifact id: '177b05ada7bb766ef92ddb4bdcac7117') in 0.006299 seconds 
  Import took 0.009038 seconds .

========================================================================
Received Import Request.
  Time since last request: 6.734260 seconds.
  path: Assets/Inside Crescent Kick.fbx
  artifactKey: Guid(731fd8010768cff44be7e587653f19cb) Importer(815301076,1909f56bfc062723c751e8b465ee728b)
Start importing Assets/Inside Crescent Kick.fbx using Guid(731fd8010768cff44be7e587653f19cb) Importer(815301076,1909f56bfc062723c751e8b465ee728b)  -> (artifact id: '0cc3773ca6228c3a994868d3ba06c52a') in 0.005593 seconds 
  Import took 0.008371 seconds .

========================================================================
Received Import Request.
  Time since last request: 0.006525 seconds.
  path: Assets/Inside Crescent Kick.fbx
  artifactKey: Guid(731fd8010768cff44be7e587653f19cb) Importer(815301076,1909f56bfc062723c751e8b465ee728b)
Start importing Assets/Inside Crescent Kick.fbx using Guid(731fd8010768cff44be7e587653f19cb) Importer(815301076,1909f56bfc062723c751e8b465ee728b)  -> (artifact id: '0cc3773ca6228c3a994868d3ba06c52a') in 0.005658 seconds 
  Import took 0.008382 seconds .

========================================================================
Received Import Request.
  Time since last request: 12.012453 seconds.
  path: Assets/Inside Crescent Kick.fbx
  artifactKey: Guid(731fd8010768cff44be7e587653f19cb) Importer(815301076,1909f56bfc062723c751e8b465ee728b)
Start importing Assets/Inside Crescent Kick.fbx using Guid(731fd8010768cff44be7e587653f19cb) Importer(815301076,1909f56bfc062723c751e8b465ee728b)  -> (artifact id: '8e904f805530fca2a804a3f15b310aab') in 0.006724 seconds 
  Import took 0.009653 seconds .

========================================================================
Received Import Request.
  Time since last request: 0.001786 seconds.
  path: Assets/Inside Crescent Kick.fbx
  artifactKey: Guid(731fd8010768cff44be7e587653f19cb) Importer(815301076,1909f56bfc062723c751e8b465ee728b)
Start importing Assets/Inside Crescent Kick.fbx using Guid(731fd8010768cff44be7e587653f19cb) Importer(815301076,1909f56bfc062723c751e8b465ee728b)  -> (artifact id: '8e904f805530fca2a804a3f15b310aab') in 0.005848 seconds 
  Import took 0.008674 seconds .

========================================================================
Received Prepare
Registering precompiled user dll's ...
Registered in 0.003009 seconds.
Begin MonoManager ReloadAssembly
Native extension for WindowsStandalone target not found
Refreshing native plugins compatible for Editor in 0.41 ms, found 3 plugins.
Preloading 0 native plugins for Editor in 0.00 ms.
Mono: successfully reloaded assembly
- Completed reload, in  0.749 seconds
Platform modules already initialized, skipping
Refreshing native plugins compatible for Editor in 0.40 ms, found 3 plugins.
Preloading 0 native plugins for Editor in 0.00 ms.
Unloading 1748 Unused Serialized files (Serialized files now loaded: 0)
System memory in use before: 82.6 MB.
System memory in use after: 82.7 MB.

Unloading 17 unused Assets to reduce memory usage. Loaded Objects now: 2265.
Total: 1.664100 ms (FindLiveObjects: 0.180800 ms CreateObjectMapping: 0.038000 ms MarkObjects: 1.431200 ms  DeleteObjects: 0.013200 ms)

AssetImportParameters requested are different than current active one (requested -> active):
  custom:framework-win-MediaFoundation: 216162199b28c13a410421893ffa2e32 -> 
  custom:video-decoder-ogg-theora: a1e56fd34408186e4bbccfd4996cb3dc -> 
  custom:container-muxer-webm: aa71ff27fc2769a1b78a27578f13a17b -> 
  custom:container-demuxer-webm: 4f35f7cbe854078d1ac9338744f61a02 -> 
  custom:container-demuxer-ogg: 62fdf1f143b41e24485cea50d1cbac27 -> 
  custom:video-encoder-webm-vp8: eb34c28f22e8b96e1ab97ce403110664 -> 
  custom:video-decoder-webm-vp8: 9c59270c3fd7afecdb556c50c9e8de78 -> 
  custom:audio-decoder-ogg-vorbis: bf7c407c2cedff20999df2af8eb42d56 -> 
  custom:audio-encoder-webm-vorbis: bf7c407c2cedff20999df2af8eb42d56 -> 
========================================================================
Received Prepare
Registering precompiled user dll's ...
Registered in 0.003063 seconds.
Begin MonoManager ReloadAssembly
Native extension for WindowsStandalone target not found
Refreshing native plugins compatible for Editor in 0.39 ms, found 3 plugins.
Preloading 0 native plugins for Editor in 0.00 ms.
Mono: successfully reloaded assembly
- Completed reload, in  0.767 seconds
Platform modules already initialized, skipping
Refreshing native plugins compatible for Editor in 0.40 ms, found 3 plugins.
Preloading 0 native plugins for Editor in 0.00 ms.
Unloading 1748 Unused Serialized files (Serialized files now loaded: 0)
System memory in use before: 82.6 MB.
System memory in use after: 82.7 MB.

Unloading 17 unused Assets to reduce memory usage. Loaded Objects now: 2268.
Total: 1.621300 ms (FindLiveObjects: 0.157600 ms CreateObjectMapping: 0.037600 ms MarkObjects: 1.412400 ms  DeleteObjects: 0.013000 ms)

AssetImportParameters requested are different than current active one (requested -> active):
  custom:framework-win-MediaFoundation: 216162199b28c13a410421893ffa2e32 -> 
  custom:video-decoder-ogg-theora: a1e56fd34408186e4bbccfd4996cb3dc -> 
  custom:container-muxer-webm: aa71ff27fc2769a1b78a27578f13a17b -> 
  custom:container-demuxer-webm: 4f35f7cbe854078d1ac9338744f61a02 -> 
  custom:container-demuxer-ogg: 62fdf1f143b41e24485cea50d1cbac27 -> 
  custom:video-encoder-webm-vp8: eb34c28f22e8b96e1ab97ce403110664 -> 
  custom:video-decoder-webm-vp8: 9c59270c3fd7afecdb556c50c9e8de78 -> 
  custom:audio-decoder-ogg-vorbis: bf7c407c2cedff20999df2af8eb42d56 -> 
  custom:audio-encoder-webm-vorbis: bf7c407c2cedff20999df2af8eb42d56 -> 
========================================================================
Received Import Request.
  Time since last request: 249.849078 seconds.
  path: Assets/Crescent Kick.anim
  artifactKey: Guid(d89bbdef4bfbfc341862b1816096899c) Importer(815301076,1909f56bfc062723c751e8b465ee728b)
Start importing Assets/Crescent Kick.anim using Guid(d89bbdef4bfbfc341862b1816096899c) Importer(815301076,1909f56bfc062723c751e8b465ee728b)  -> (artifact id: 'cbd5e5a9e654e8ba6928356dc28f81a4') in 0.042331 seconds 
  Import took 0.045193 seconds .

========================================================================
Received Prepare
Registering precompiled user dll's ...
Registered in 0.003878 seconds.
Begin MonoManager ReloadAssembly
Native extension for WindowsStandalone target not found
Refreshing native plugins compatible for Editor in 0.52 ms, found 3 plugins.
Preloading 0 native plugins for Editor in 0.00 ms.
Mono: successfully reloaded assembly
- Completed reload, in  0.745 seconds
Platform modules already initialized, skipping
Refreshing native plugins compatible for Editor in 0.41 ms, found 3 plugins.
Preloading 0 native plugins for Editor in 0.00 ms.
Unloading 1748 Unused Serialized files (Serialized files now loaded: 0)
System memory in use before: 82.6 MB.
System memory in use after: 82.8 MB.

Unloading 17 unused Assets to reduce memory usage. Loaded Objects now: 2271.
Total: 1.705100 ms (FindLiveObjects: 0.194800 ms CreateObjectMapping: 0.046700 ms MarkObjects: 1.448500 ms  DeleteObjects: 0.014100 ms)

AssetImportParameters requested are different than current active one (requested -> active):
  custom:framework-win-MediaFoundation: 216162199b28c13a410421893ffa2e32 -> 
  custom:video-decoder-ogg-theora: a1e56fd34408186e4bbccfd4996cb3dc -> 
  custom:container-muxer-webm: aa71ff27fc2769a1b78a27578f13a17b -> 
  custom:container-demuxer-webm: 4f35f7cbe854078d1ac9338744f61a02 -> 
  custom:container-demuxer-ogg: 62fdf1f143b41e24485cea50d1cbac27 -> 
  custom:video-encoder-webm-vp8: eb34c28f22e8b96e1ab97ce403110664 -> 
  custom:video-decoder-webm-vp8: 9c59270c3fd7afecdb556c50c9e8de78 -> 
  custom:audio-decoder-ogg-vorbis: bf7c407c2cedff20999df2af8eb42d56 -> 
  custom:audio-encoder-webm-vorbis: bf7c407c2cedff20999df2af8eb42d56 -> 
========================================================================
Received Import Request.
  Time since last request: 74.156399 seconds.
  path: Assets/Inside Crescent Kick.fbx
  artifactKey: Guid(731fd8010768cff44be7e587653f19cb) Importer(815301076,1909f56bfc062723c751e8b465ee728b)
Start importing Assets/Inside Crescent Kick.fbx using Guid(731fd8010768cff44be7e587653f19cb) Importer(815301076,1909f56bfc062723c751e8b465ee728b)  -> (artifact id: '3a4fa6ae875c92c5d382e409a4cecce3') in 0.021497 seconds 
  Import took 0.024248 seconds .

========================================================================
Received Import Request.
  Time since last request: 0.001092 seconds.
  path: Assets/Inside Crescent Kick.fbx
  artifactKey: Guid(731fd8010768cff44be7e587653f19cb) Importer(815301076,1909f56bfc062723c751e8b465ee728b)
Start importing Assets/Inside Crescent Kick.fbx using Guid(731fd8010768cff44be7e587653f19cb) Importer(815301076,1909f56bfc062723c751e8b465ee728b)  -> (artifact id: '3a4fa6ae875c92c5d382e409a4cecce3') in 0.004046 seconds 
  Import took 0.006390 seconds .

========================================================================
Received Import Request.
  Time since last request: 36.204156 seconds.
  path: Assets/Inside Crescent Kick.fbx
  artifactKey: Guid(731fd8010768cff44be7e587653f19cb) Importer(815301076,1909f56bfc062723c751e8b465ee728b)
Start importing Assets/Inside Crescent Kick.fbx using Guid(731fd8010768cff44be7e587653f19cb) Importer(815301076,1909f56bfc062723c751e8b465ee728b)  -> (artifact id: '77e31d362dab138ac1d316c901bbd3fb') in 0.006310 seconds 
  Import took 0.009104 seconds .

========================================================================
Received Import Request.
  Time since last request: 0.002103 seconds.
  path: Assets/Inside Crescent Kick.fbx
  artifactKey: Guid(731fd8010768cff44be7e587653f19cb) Importer(815301076,1909f56bfc062723c751e8b465ee728b)
Start importing Assets/Inside Crescent Kick.fbx using Guid(731fd8010768cff44be7e587653f19cb) Importer(815301076,1909f56bfc062723c751e8b465ee728b)  -> (artifact id: '77e31d362dab138ac1d316c901bbd3fb') in 0.005766 seconds 
  Import took 0.008198 seconds .

========================================================================
Received Prepare
Registering precompiled user dll's ...
Registered in 0.003078 seconds.
Begin MonoManager ReloadAssembly
Native extension for WindowsStandalone target not found
Refreshing native plugins compatible for Editor in 0.39 ms, found 3 plugins.
Preloading 0 native plugins for Editor in 0.00 ms.
Mono: successfully reloaded assembly
- Completed reload, in  0.746 seconds
Platform modules already initialized, skipping
Refreshing native plugins compatible for Editor in 0.40 ms, found 3 plugins.
Preloading 0 native plugins for Editor in 0.00 ms.
Unloading 1748 Unused Serialized files (Serialized files now loaded: 0)
System memory in use before: 82.6 MB.
System memory in use after: 82.8 MB.

Unloading 17 unused Assets to reduce memory usage. Loaded Objects now: 2274.
Total: 1.623000 ms (FindLiveObjects: 0.162000 ms CreateObjectMapping: 0.037600 ms MarkObjects: 1.408500 ms  DeleteObjects: 0.013600 ms)

AssetImportParameters requested are different than current active one (requested -> active):
  custom:framework-win-MediaFoundation: 216162199b28c13a410421893ffa2e32 -> 
  custom:video-decoder-ogg-theora: a1e56fd34408186e4bbccfd4996cb3dc -> 
  custom:container-muxer-webm: aa71ff27fc2769a1b78a27578f13a17b -> 
  custom:container-demuxer-webm: 4f35f7cbe854078d1ac9338744f61a02 -> 
  custom:container-demuxer-ogg: 62fdf1f143b41e24485cea50d1cbac27 -> 
  custom:video-encoder-webm-vp8: eb34c28f22e8b96e1ab97ce403110664 -> 
  custom:video-decoder-webm-vp8: 9c59270c3fd7afecdb556c50c9e8de78 -> 
  custom:audio-decoder-ogg-vorbis: bf7c407c2cedff20999df2af8eb42d56 -> 
  custom:audio-encoder-webm-vorbis: bf7c407c2cedff20999df2af8eb42d56 -> 
========================================================================
Received Import Request.
  Time since last request: 97.726071 seconds.
  path: Assets/Jammo_LowPoly.fbx
  artifactKey: Guid(82a2914d8f86c62488456950c8330e38) Importer(815301076,1909f56bfc062723c751e8b465ee728b)
Start importing Assets/Jammo_LowPoly.fbx using Guid(82a2914d8f86c62488456950c8330e38) Importer(815301076,1909f56bfc062723c751e8b465ee728b)  -> (artifact id: '7490917fa4c0457492611fd4ae448e70') in 0.211918 seconds 
  Import took 0.215764 seconds .

========================================================================
Received Prepare
Registering precompiled user dll's ...
Registered in 0.003256 seconds.
Begin MonoManager ReloadAssembly
Native extension for WindowsStandalone target not found
Refreshing native plugins compatible for Editor in 0.39 ms, found 3 plugins.
Preloading 0 native plugins for Editor in 0.00 ms.
Mono: successfully reloaded assembly
- Completed reload, in  0.741 seconds
Platform modules already initialized, skipping
Refreshing native plugins compatible for Editor in 0.40 ms, found 3 plugins.
Preloading 0 native plugins for Editor in 0.00 ms.
Unloading 1748 Unused Serialized files (Serialized files now loaded: 0)
System memory in use before: 96.4 MB.
System memory in use after: 96.5 MB.

Unloading 17 unused Assets to reduce memory usage. Loaded Objects now: 2282.
Total: 1.627100 ms (FindLiveObjects: 0.178700 ms CreateObjectMapping: 0.038100 ms MarkObjects: 1.396600 ms  DeleteObjects: 0.012700 ms)

AssetImportParameters requested are different than current active one (requested -> active):
  custom:framework-win-MediaFoundation: 216162199b28c13a410421893ffa2e32 -> 
  custom:video-decoder-ogg-theora: a1e56fd34408186e4bbccfd4996cb3dc -> 
  custom:container-muxer-webm: aa71ff27fc2769a1b78a27578f13a17b -> 
  custom:container-demuxer-webm: 4f35f7cbe854078d1ac9338744f61a02 -> 
  custom:container-demuxer-ogg: 62fdf1f143b41e24485cea50d1cbac27 -> 
  custom:video-encoder-webm-vp8: eb34c28f22e8b96e1ab97ce403110664 -> 
  custom:video-decoder-webm-vp8: 9c59270c3fd7afecdb556c50c9e8de78 -> 
  custom:audio-decoder-ogg-vorbis: bf7c407c2cedff20999df2af8eb42d56 -> 
  custom:audio-encoder-webm-vorbis: bf7c407c2cedff20999df2af8eb42d56 -> 
========================================================================
Received Import Request.
  Time since last request: 90.449911 seconds.
  path: Assets/Jammo_LowPoly.fbx
  artifactKey: Guid(82a2914d8f86c62488456950c8330e38) Importer(815301076,1909f56bfc062723c751e8b465ee728b)
Start importing Assets/Jammo_LowPoly.fbx using Guid(82a2914d8f86c62488456950c8330e38) Importer(815301076,1909f56bfc062723c751e8b465ee728b)  -> (artifact id: '6171350db9e4bd8c74396c5f6e330d77') in 0.186681 seconds 
  Import took 0.190337 seconds .

========================================================================
Received Import Request.
  Time since last request: 17.007776 seconds.
  path: Assets/Inside Crescent Kick.fbx
  artifactKey: Guid(731fd8010768cff44be7e587653f19cb) Importer(815301076,1909f56bfc062723c751e8b465ee728b)
Start importing Assets/Inside Crescent Kick.fbx using Guid(731fd8010768cff44be7e587653f19cb) Importer(815301076,1909f56bfc062723c751e8b465ee728b)  -> (artifact id: 'b94341fda0c59f02e864e6b704a44bbc') in 0.008227 seconds 
  Import took 0.010988 seconds .

========================================================================
Received Prepare
Registering precompiled user dll's ...
Registered in 0.003358 seconds.
Begin MonoManager ReloadAssembly
Native extension for WindowsStandalone target not found
Refreshing native plugins compatible for Editor in 0.43 ms, found 3 plugins.
Preloading 0 native plugins for Editor in 0.00 ms.
Mono: successfully reloaded assembly
- Completed reload, in  0.745 seconds
Platform modules already initialized, skipping
Refreshing native plugins compatible for Editor in 0.43 ms, found 3 plugins.
Preloading 0 native plugins for Editor in 0.00 ms.
Unloading 1748 Unused Serialized files (Serialized files now loaded: 0)
System memory in use before: 96.5 MB.
System memory in use after: 96.6 MB.

Unloading 17 unused Assets to reduce memory usage. Loaded Objects now: 2286.
Total: 1.643400 ms (FindLiveObjects: 0.154700 ms CreateObjectMapping: 0.038100 ms MarkObjects: 1.436200 ms  DeleteObjects: 0.013400 ms)

AssetImportParameters requested are different than current active one (requested -> active):
  custom:framework-win-MediaFoundation: 216162199b28c13a410421893ffa2e32 -> 
  custom:video-decoder-ogg-theora: a1e56fd34408186e4bbccfd4996cb3dc -> 
  custom:container-muxer-webm: aa71ff27fc2769a1b78a27578f13a17b -> 
  custom:container-demuxer-webm: 4f35f7cbe854078d1ac9338744f61a02 -> 
  custom:container-demuxer-ogg: 62fdf1f143b41e24485cea50d1cbac27 -> 
  custom:video-encoder-webm-vp8: eb34c28f22e8b96e1ab97ce403110664 -> 
  custom:video-decoder-webm-vp8: 9c59270c3fd7afecdb556c50c9e8de78 -> 
  custom:audio-decoder-ogg-vorbis: bf7c407c2cedff20999df2af8eb42d56 -> 
  custom:audio-encoder-webm-vorbis: bf7c407c2cedff20999df2af8eb42d56 -> 
========================================================================
Received Prepare
Registering precompiled user dll's ...
Registered in 0.003213 seconds.
Begin MonoManager ReloadAssembly
Native extension for WindowsStandalone target not found
Refreshing native plugins compatible for Editor in 0.40 ms, found 3 plugins.
Preloading 0 native plugins for Editor in 0.00 ms.
Mono: successfully reloaded assembly
- Completed reload, in  0.755 seconds
Platform modules already initialized, skipping
Refreshing native plugins compatible for Editor in 0.40 ms, found 3 plugins.
Preloading 0 native plugins for Editor in 0.00 ms.
Unloading 1748 Unused Serialized files (Serialized files now loaded: 0)
System memory in use before: 96.5 MB.
System memory in use after: 96.6 MB.

Unloading 17 unused Assets to reduce memory usage. Loaded Objects now: 2289.
Total: 1.609600 ms (FindLiveObjects: 0.153200 ms CreateObjectMapping: 0.038100 ms MarkObjects: 1.404500 ms  DeleteObjects: 0.013000 ms)

AssetImportParameters requested are different than current active one (requested -> active):
  custom:framework-win-MediaFoundation: 216162199b28c13a410421893ffa2e32 -> 
  custom:video-decoder-ogg-theora: a1e56fd34408186e4bbccfd4996cb3dc -> 
  custom:container-muxer-webm: aa71ff27fc2769a1b78a27578f13a17b -> 
  custom:container-demuxer-webm: 4f35f7cbe854078d1ac9338744f61a02 -> 
  custom:container-demuxer-ogg: 62fdf1f143b41e24485cea50d1cbac27 -> 
  custom:video-encoder-webm-vp8: eb34c28f22e8b96e1ab97ce403110664 -> 
  custom:video-decoder-webm-vp8: 9c59270c3fd7afecdb556c50c9e8de78 -> 
  custom:audio-decoder-ogg-vorbis: bf7c407c2cedff20999df2af8eb42d56 -> 
  custom:audio-encoder-webm-vorbis: bf7c407c2cedff20999df2af8eb42d56 -> 
========================================================================
Received Import Request.
  Time since last request: 604.691158 seconds.
  path: Assets/Scripts/HuirDeZombie.cs
  artifactKey: Guid(047e3c2ad0bc4df4ea4c70896d971939) Importer(815301076,1909f56bfc062723c751e8b465ee728b)
Start importing Assets/Scripts/HuirDeZombie.cs using Guid(047e3c2ad0bc4df4ea4c70896d971939) Importer(815301076,1909f56bfc062723c751e8b465ee728b)  -> (artifact id: 'ac757308cb937e1c41246073bffe00cf') in 0.009179 seconds 
  Import took 0.011955 seconds .

========================================================================
Received Prepare
Registering precompiled user dll's ...
Registered in 0.003070 seconds.
Begin MonoManager ReloadAssembly
Native extension for WindowsStandalone target not found
Refreshing native plugins compatible for Editor in 0.41 ms, found 3 plugins.
Preloading 0 native plugins for Editor in 0.00 ms.
Mono: successfully reloaded assembly
- Completed reload, in  0.759 seconds
Platform modules already initialized, skipping
Refreshing native plugins compatible for Editor in 0.39 ms, found 3 plugins.
Preloading 0 native plugins for Editor in 0.00 ms.
Unloading 1749 Unused Serialized files (Serialized files now loaded: 0)
System memory in use before: 96.5 MB.
System memory in use after: 96.7 MB.

Unloading 17 unused Assets to reduce memory usage. Loaded Objects now: 2293.
Total: 1.593600 ms (FindLiveObjects: 0.156000 ms CreateObjectMapping: 0.037300 ms MarkObjects: 1.386400 ms  DeleteObjects: 0.012500 ms)

AssetImportParameters requested are different than current active one (requested -> active):
  custom:framework-win-MediaFoundation: 216162199b28c13a410421893ffa2e32 -> 
  custom:video-decoder-ogg-theora: a1e56fd34408186e4bbccfd4996cb3dc -> 
  custom:container-muxer-webm: aa71ff27fc2769a1b78a27578f13a17b -> 
  custom:container-demuxer-webm: 4f35f7cbe854078d1ac9338744f61a02 -> 
  custom:container-demuxer-ogg: 62fdf1f143b41e24485cea50d1cbac27 -> 
  custom:video-encoder-webm-vp8: eb34c28f22e8b96e1ab97ce403110664 -> 
  custom:video-decoder-webm-vp8: 9c59270c3fd7afecdb556c50c9e8de78 -> 
  custom:audio-decoder-ogg-vorbis: bf7c407c2cedff20999df2af8eb42d56 -> 
  custom:audio-encoder-webm-vorbis: bf7c407c2cedff20999df2af8eb42d56 -> 
========================================================================
Received Prepare
Registering precompiled user dll's ...
Registered in 0.003141 seconds.
Begin MonoManager ReloadAssembly
Native extension for WindowsStandalone target not found
Refreshing native plugins compatible for Editor in 0.39 ms, found 3 plugins.
Preloading 0 native plugins for Editor in 0.00 ms.
Mono: successfully reloaded assembly
- Completed reload, in  0.740 seconds
Platform modules already initialized, skipping
Refreshing native plugins compatible for Editor in 0.41 ms, found 3 plugins.
Preloading 0 native plugins for Editor in 0.00 ms.
Unloading 1749 Unused Serialized files (Serialized files now loaded: 0)
System memory in use before: 96.6 MB.
System memory in use after: 96.7 MB.

Unloading 17 unused Assets to reduce memory usage. Loaded Objects now: 2296.
Total: 1.630400 ms (FindLiveObjects: 0.164500 ms CreateObjectMapping: 0.039900 ms MarkObjects: 1.412000 ms  DeleteObjects: 0.013100 ms)

AssetImportParameters requested are different than current active one (requested -> active):
  custom:framework-win-MediaFoundation: 216162199b28c13a410421893ffa2e32 -> 
  custom:video-decoder-ogg-theora: a1e56fd34408186e4bbccfd4996cb3dc -> 
  custom:container-muxer-webm: aa71ff27fc2769a1b78a27578f13a17b -> 
  custom:container-demuxer-webm: 4f35f7cbe854078d1ac9338744f61a02 -> 
  custom:container-demuxer-ogg: 62fdf1f143b41e24485cea50d1cbac27 -> 
  custom:video-encoder-webm-vp8: eb34c28f22e8b96e1ab97ce403110664 -> 
  custom:video-decoder-webm-vp8: 9c59270c3fd7afecdb556c50c9e8de78 -> 
  custom:audio-decoder-ogg-vorbis: bf7c407c2cedff20999df2af8eb42d56 -> 
  custom:audio-encoder-webm-vorbis: bf7c407c2cedff20999df2af8eb42d56 -> 
========================================================================
Received Import Request.
  Time since last request: 161.381650 seconds.
  path: Assets/Scripts/HuirDeZombie.cs
  artifactKey: Guid(047e3c2ad0bc4df4ea4c70896d971939) Importer(815301076,1909f56bfc062723c751e8b465ee728b)
Start importing Assets/Scripts/HuirDeZombie.cs using Guid(047e3c2ad0bc4df4ea4c70896d971939) Importer(815301076,1909f56bfc062723c751e8b465ee728b)  -> (artifact id: '977ca3474f8a975e3feab7bbd9e2259c') in 0.003958 seconds 
  Import took 0.006268 seconds .

========================================================================
Received Prepare
Registering precompiled user dll's ...
Registered in 0.004479 seconds.
Begin MonoManager ReloadAssembly
Native extension for WindowsStandalone target not found
Refreshing native plugins compatible for Editor in 0.39 ms, found 3 plugins.
Preloading 0 native plugins for Editor in 0.00 ms.
Mono: successfully reloaded assembly
- Completed reload, in  0.764 seconds
Platform modules already initialized, skipping
Refreshing native plugins compatible for Editor in 0.43 ms, found 3 plugins.
Preloading 0 native plugins for Editor in 0.00 ms.
Unloading 1749 Unused Serialized files (Serialized files now loaded: 0)
System memory in use before: 96.6 MB.
System memory in use after: 96.7 MB.

Unloading 17 unused Assets to reduce memory usage. Loaded Objects now: 2299.
Total: 1.692300 ms (FindLiveObjects: 0.160200 ms CreateObjectMapping: 0.037900 ms MarkObjects: 1.479800 ms  DeleteObjects: 0.013400 ms)

AssetImportParameters requested are different than current active one (requested -> active):
  custom:framework-win-MediaFoundation: 216162199b28c13a410421893ffa2e32 -> 
  custom:video-decoder-ogg-theora: a1e56fd34408186e4bbccfd4996cb3dc -> 
  custom:container-muxer-webm: aa71ff27fc2769a1b78a27578f13a17b -> 
  custom:container-demuxer-webm: 4f35f7cbe854078d1ac9338744f61a02 -> 
  custom:container-demuxer-ogg: 62fdf1f143b41e24485cea50d1cbac27 -> 
  custom:video-encoder-webm-vp8: eb34c28f22e8b96e1ab97ce403110664 -> 
  custom:video-decoder-webm-vp8: 9c59270c3fd7afecdb556c50c9e8de78 -> 
  custom:audio-decoder-ogg-vorbis: bf7c407c2cedff20999df2af8eb42d56 -> 
  custom:audio-encoder-webm-vorbis: bf7c407c2cedff20999df2af8eb42d56 -> 
========================================================================
Received Prepare
Registering precompiled user dll's ...
Registered in 0.003840 seconds.
Begin MonoManager ReloadAssembly
Native extension for WindowsStandalone target not found
Refreshing native plugins compatible for Editor in 0.41 ms, found 3 plugins.
Preloading 0 native plugins for Editor in 0.00 ms.
Mono: successfully reloaded assembly
- Completed reload, in  0.748 seconds
Platform modules already initialized, skipping
Refreshing native plugins compatible for Editor in 0.40 ms, found 3 plugins.
Preloading 0 native plugins for Editor in 0.00 ms.
Unloading 1749 Unused Serialized files (Serialized files now loaded: 0)
System memory in use before: 96.6 MB.
System memory in use after: 96.7 MB.

Unloading 17 unused Assets to reduce memory usage. Loaded Objects now: 2302.
Total: 1.668500 ms (FindLiveObjects: 0.177100 ms CreateObjectMapping: 0.037800 ms MarkObjects: 1.439700 ms  DeleteObjects: 0.013100 ms)

AssetImportParameters requested are different than current active one (requested -> active):
  custom:framework-win-MediaFoundation: 216162199b28c13a410421893ffa2e32 -> 
  custom:video-decoder-ogg-theora: a1e56fd34408186e4bbccfd4996cb3dc -> 
  custom:container-muxer-webm: aa71ff27fc2769a1b78a27578f13a17b -> 
  custom:container-demuxer-webm: 4f35f7cbe854078d1ac9338744f61a02 -> 
  custom:container-demuxer-ogg: 62fdf1f143b41e24485cea50d1cbac27 -> 
  custom:video-encoder-webm-vp8: eb34c28f22e8b96e1ab97ce403110664 -> 
  custom:video-decoder-webm-vp8: 9c59270c3fd7afecdb556c50c9e8de78 -> 
  custom:audio-decoder-ogg-vorbis: bf7c407c2cedff20999df2af8eb42d56 -> 
  custom:audio-encoder-webm-vorbis: bf7c407c2cedff20999df2af8eb42d56 -> 
========================================================================
Received Import Request.
  Time since last request: 256.367198 seconds.
  path: Assets/Scripts/PlayerController.cs
  artifactKey: Guid(32fcd41b737773b41ab904cefb7c9b69) Importer(815301076,1909f56bfc062723c751e8b465ee728b)
Start importing Assets/Scripts/PlayerController.cs using Guid(32fcd41b737773b41ab904cefb7c9b69) Importer(815301076,1909f56bfc062723c751e8b465ee728b)  -> (artifact id: '279c8859cf2aa3203250e1d71771badb') in 0.007223 seconds 
  Import took 0.009819 seconds .

========================================================================
Received Prepare
Registering precompiled user dll's ...
Registered in 0.003204 seconds.
Begin MonoManager ReloadAssembly
Native extension for WindowsStandalone target not found
Refreshing native plugins compatible for Editor in 0.40 ms, found 3 plugins.
Preloading 0 native plugins for Editor in 0.00 ms.
Mono: successfully reloaded assembly
- Completed reload, in  0.811 seconds
Platform modules already initialized, skipping
Refreshing native plugins compatible for Editor in 0.40 ms, found 3 plugins.
Preloading 0 native plugins for Editor in 0.00 ms.
Unloading 1749 Unused Serialized files (Serialized files now loaded: 0)
System memory in use before: 96.6 MB.
System memory in use after: 96.7 MB.

Unloading 17 unused Assets to reduce memory usage. Loaded Objects now: 2305.
Total: 1.670100 ms (FindLiveObjects: 0.171400 ms CreateObjectMapping: 0.038900 ms MarkObjects: 1.444500 ms  DeleteObjects: 0.014100 ms)

AssetImportParameters requested are different than current active one (requested -> active):
  custom:framework-win-MediaFoundation: 216162199b28c13a410421893ffa2e32 -> 
  custom:video-decoder-ogg-theora: a1e56fd34408186e4bbccfd4996cb3dc -> 
  custom:container-muxer-webm: aa71ff27fc2769a1b78a27578f13a17b -> 
  custom:container-demuxer-webm: 4f35f7cbe854078d1ac9338744f61a02 -> 
  custom:container-demuxer-ogg: 62fdf1f143b41e24485cea50d1cbac27 -> 
  custom:video-encoder-webm-vp8: eb34c28f22e8b96e1ab97ce403110664 -> 
  custom:video-decoder-webm-vp8: 9c59270c3fd7afecdb556c50c9e8de78 -> 
  custom:audio-decoder-ogg-vorbis: bf7c407c2cedff20999df2af8eb42d56 -> 
  custom:audio-encoder-webm-vorbis: bf7c407c2cedff20999df2af8eb42d56 -> 
AssetImportWorkerClient::OnTransportError - code=2 error=End of file
